<?xml version="1.0" encoding="UTF-8"?>
<!-- Generated by org.testng.reporters.JUnitXMLReporter -->
<testsuite ignored="0" hostname="TYSS-Rakesh-B" failures="0" tests="6" name="Test" time="63.835" errors="0" timestamp="2024-01-24T10:16:42 IST">
  <testcase classname="testscripts.TC01_Register" name="registerTestCase" time="11.038"/>
  <testcase classname="testscripts.TC01_Register" name="registerTestCase" time="10.422"/>
  <testcase classname="testscripts.TC01_Register" name="registerTestCase" time="7.849"/>
  <testcase classname="testscripts.TC01_Register" name="registerTestCase" time="8.122"/>
  <testcase classname="testscripts.TC03_WishList" name="wishListTestCase" time="3.732"/>
  <testcase classname="testscripts.TC02_AddToCart" name="addToCartTestCase" time="5.593"/>
</testsuite> <!-- Test -->
