<?xml version="1.0" encoding="UTF-8"?>
<testng-results ignored="0" total="6" passed="6" failed="0" skipped="0">
  <reporter-output>
    <line>
      <![CDATA[Demo Web Shop Page Displayed..]]>
    </line>
    <line>
      <![CDATA[Register Page Displayed..]]>
    </line>
    <line>
      <![CDATA[Register Test Case Pass]]>
    </line>
    <line>
      <![CDATA[Demo Web Shop Page Displayed..]]>
    </line>
    <line>
      <![CDATA[Register Page Displayed..]]>
    </line>
    <line>
      <![CDATA[Register Test Case Pass]]>
    </line>
    <line>
      <![CDATA[Demo Web Shop Page Displayed..]]>
    </line>
    <line>
      <![CDATA[Register Page Displayed..]]>
    </line>
    <line>
      <![CDATA[Register Test Case Pass]]>
    </line>
    <line>
      <![CDATA[Demo Web Shop Page Displayed..]]>
    </line>
    <line>
      <![CDATA[Register Page Displayed..]]>
    </line>
    <line>
      <![CDATA[Register Test Case Pass]]>
    </line>
    <line>
      <![CDATA[Books page is displayed]]>
    </line>
    <line>
      <![CDATA[Books page is displayed]]>
    </line>
    <line>
      <![CDATA[Digital downloads page is displayed]]>
    </line>
    <line>
      <![CDATA[Shopping Cart page displayed]]>
    </line>
    <line>
      <![CDATA[AddToCart Test Case Pass]]>
    </line>
  </reporter-output>
  <suite started-at="2024-01-24T10:15:38 IST" name="Suite" finished-at="2024-01-24T10:16:42 IST" duration-ms="63835">
    <groups>
      <group name="Integration">
        <method signature="TC01_Register.registerTestCase(java.lang.String,java.lang.String,java.lang.String,java.lang.String,java.lang.String)[pri:0, instance:testscripts.TC01_Register@7bd4937b]" name="registerTestCase" class="testscripts.TC01_Register"/>
      </group> <!-- Integration -->
      <group name="System">
        <method signature="TC02_AddToCart.addToCartTestCase()[pri:0, instance:testscripts.TC02_AddToCart@47d9a273]" name="addToCartTestCase" class="testscripts.TC02_AddToCart"/>
        <method signature="TC03_WishList.wishListTestCase()[pri:0, instance:testscripts.TC03_WishList@54a7079e]" name="wishListTestCase" class="testscripts.TC03_WishList"/>
      </group> <!-- System -->
    </groups>
    <test started-at="2024-01-24T10:15:38 IST" name="Test" finished-at="2024-01-24T10:16:42 IST" duration-ms="63835">
      <class name="testscripts.TC03_WishList">
        <test-method is-config="true" signature="launchbrowser(java.lang.String)[pri:0, instance:testscripts.TC03_WishList@54a7079e]" started-at="2024-01-24T10:16:18 IST" name="launchbrowser" finished-at="2024-01-24T10:16:22 IST" duration-ms="3733" status="PASS">
          <params>
            <param index="0">
              <value>
                <![CDATA[Chrome]]>
              </value>
            </param>
          </params>
          <reporter-output>
          </reporter-output>
        </test-method> <!-- launchbrowser -->
        <test-method is-config="true" signature="login()[pri:0, instance:testscripts.TC03_WishList@54a7079e]" started-at="2024-01-24T10:16:22 IST" name="login" finished-at="2024-01-24T10:16:24 IST" duration-ms="1863" status="PASS">
          <reporter-output>
          </reporter-output>
        </test-method> <!-- login -->
        <test-method signature="wishListTestCase()[pri:0, instance:testscripts.TC03_WishList@54a7079e]" started-at="2024-01-24T10:16:24 IST" name="wishListTestCase" finished-at="2024-01-24T10:16:27 IST" duration-ms="3732" status="PASS">
          <reporter-output>
            <line>
              <![CDATA[Books page is displayed]]>
            </line>
            <line>
              <![CDATA[Books page is displayed]]>
            </line>
          </reporter-output>
        </test-method> <!-- wishListTestCase -->
        <test-method is-config="true" signature="logOut()[pri:0, instance:testscripts.TC03_WishList@54a7079e]" started-at="2024-01-24T10:16:27 IST" name="logOut" finished-at="2024-01-24T10:16:28 IST" duration-ms="1019" status="PASS">
          <reporter-output>
          </reporter-output>
        </test-method> <!-- logOut -->
        <test-method is-config="true" signature="closeBrowser()[pri:0, instance:testscripts.TC03_WishList@54a7079e]" started-at="2024-01-24T10:16:28 IST" name="closeBrowser" finished-at="2024-01-24T10:16:28 IST" duration-ms="175" status="PASS">
          <reporter-output>
          </reporter-output>
        </test-method> <!-- closeBrowser -->
      </class> <!-- testscripts.TC03_WishList -->
      <class name="testscripts.TC02_AddToCart">
        <test-method is-config="true" signature="launchbrowser(java.lang.String)[pri:0, instance:testscripts.TC02_AddToCart@47d9a273]" started-at="2024-01-24T10:16:28 IST" name="launchbrowser" finished-at="2024-01-24T10:16:33 IST" duration-ms="4449" status="PASS">
          <params>
            <param index="0">
              <value>
                <![CDATA[Chrome]]>
              </value>
            </param>
          </params>
          <reporter-output>
          </reporter-output>
        </test-method> <!-- launchbrowser -->
        <test-method is-config="true" signature="login()[pri:0, instance:testscripts.TC02_AddToCart@47d9a273]" started-at="2024-01-24T10:16:33 IST" name="login" finished-at="2024-01-24T10:16:35 IST" duration-ms="2000" status="PASS">
          <reporter-output>
          </reporter-output>
        </test-method> <!-- login -->
        <test-method signature="addToCartTestCase()[pri:0, instance:testscripts.TC02_AddToCart@47d9a273]" started-at="2024-01-24T10:16:35 IST" name="addToCartTestCase" finished-at="2024-01-24T10:16:41 IST" duration-ms="5593" status="PASS">
          <reporter-output>
            <line>
              <![CDATA[Digital downloads page is displayed]]>
            </line>
            <line>
              <![CDATA[Shopping Cart page displayed]]>
            </line>
            <line>
              <![CDATA[AddToCart Test Case Pass]]>
            </line>
          </reporter-output>
        </test-method> <!-- addToCartTestCase -->
        <test-method is-config="true" signature="logOut()[pri:0, instance:testscripts.TC02_AddToCart@47d9a273]" started-at="2024-01-24T10:16:41 IST" name="logOut" finished-at="2024-01-24T10:16:42 IST" duration-ms="1139" status="PASS">
          <reporter-output>
          </reporter-output>
        </test-method> <!-- logOut -->
        <test-method is-config="true" signature="closeBrowser()[pri:0, instance:testscripts.TC02_AddToCart@47d9a273]" started-at="2024-01-24T10:16:42 IST" name="closeBrowser" finished-at="2024-01-24T10:16:42 IST" duration-ms="202" status="PASS">
          <reporter-output>
          </reporter-output>
        </test-method> <!-- closeBrowser -->
      </class> <!-- testscripts.TC02_AddToCart -->
      <class name="testscripts.TC01_Register">
        <test-method signature="registerTestCase(java.lang.String,java.lang.String,java.lang.String,java.lang.String,java.lang.String)[pri:0, instance:testscripts.TC01_Register@7bd4937b]" started-at="2024-01-24T10:15:40 IST" name="registerTestCase" data-provider="Register" finished-at="2024-01-24T10:15:52 IST" duration-ms="11038" status="PASS">
          <params>
            <param index="0">
              <value>
                <![CDATA[Sheela]]>
              </value>
            </param>
            <param index="1">
              <value>
                <![CDATA[Gowda]]>
              </value>
            </param>
            <param index="2">
              <value>
                <![CDATA[SheelaGowda@gmial.com]]>
              </value>
            </param>
            <param index="3">
              <value>
                <![CDATA[Sheela@123]]>
              </value>
            </param>
            <param index="4">
              <value>
                <![CDATA[Sheela@123]]>
              </value>
            </param>
          </params>
          <reporter-output>
            <line>
              <![CDATA[Demo Web Shop Page Displayed..]]>
            </line>
            <line>
              <![CDATA[Register Page Displayed..]]>
            </line>
            <line>
              <![CDATA[Register Test Case Pass]]>
            </line>
          </reporter-output>
        </test-method> <!-- registerTestCase -->
        <test-method signature="registerTestCase(java.lang.String,java.lang.String,java.lang.String,java.lang.String,java.lang.String)[pri:0, instance:testscripts.TC01_Register@7bd4937b]" started-at="2024-01-24T10:15:52 IST" name="registerTestCase" data-provider="Register" finished-at="2024-01-24T10:16:02 IST" duration-ms="10422" status="PASS">
          <params>
            <param index="0">
              <value>
                <![CDATA[Mala]]>
              </value>
            </param>
            <param index="1">
              <value>
                <![CDATA[Gowda]]>
              </value>
            </param>
            <param index="2">
              <value>
                <![CDATA[MalaGowda@gmail.com]]>
              </value>
            </param>
            <param index="3">
              <value>
                <![CDATA[Mala@123]]>
              </value>
            </param>
            <param index="4">
              <value>
                <![CDATA[Mala@123]]>
              </value>
            </param>
          </params>
          <reporter-output>
            <line>
              <![CDATA[Demo Web Shop Page Displayed..]]>
            </line>
            <line>
              <![CDATA[Register Page Displayed..]]>
            </line>
            <line>
              <![CDATA[Register Test Case Pass]]>
            </line>
          </reporter-output>
        </test-method> <!-- registerTestCase -->
        <test-method signature="registerTestCase(java.lang.String,java.lang.String,java.lang.String,java.lang.String,java.lang.String)[pri:0, instance:testscripts.TC01_Register@7bd4937b]" started-at="2024-01-24T10:16:02 IST" name="registerTestCase" data-provider="Register" finished-at="2024-01-24T10:16:10 IST" duration-ms="7849" status="PASS">
          <params>
            <param index="0">
              <value>
                <![CDATA[Urmila]]>
              </value>
            </param>
            <param index="1">
              <value>
                <![CDATA[Gowda]]>
              </value>
            </param>
            <param index="2">
              <value>
                <![CDATA[Urmila@gmail.com]]>
              </value>
            </param>
            <param index="3">
              <value>
                <![CDATA[Urmila@123]]>
              </value>
            </param>
            <param index="4">
              <value>
                <![CDATA[Urmila@123]]>
              </value>
            </param>
          </params>
          <reporter-output>
            <line>
              <![CDATA[Demo Web Shop Page Displayed..]]>
            </line>
            <line>
              <![CDATA[Register Page Displayed..]]>
            </line>
            <line>
              <![CDATA[Register Test Case Pass]]>
            </line>
          </reporter-output>
        </test-method> <!-- registerTestCase -->
        <test-method signature="registerTestCase(java.lang.String,java.lang.String,java.lang.String,java.lang.String,java.lang.String)[pri:0, instance:testscripts.TC01_Register@7bd4937b]" started-at="2024-01-24T10:16:10 IST" name="registerTestCase" data-provider="Register" finished-at="2024-01-24T10:16:18 IST" duration-ms="8122" status="PASS">
          <params>
            <param index="0">
              <value>
                <![CDATA[Penga]]>
              </value>
            </param>
            <param index="1">
              <value>
                <![CDATA[Gowda]]>
              </value>
            </param>
            <param index="2">
              <value>
                <![CDATA[Penga@gmail.com]]>
              </value>
            </param>
            <param index="3">
              <value>
                <![CDATA[Penga@123]]>
              </value>
            </param>
            <param index="4">
              <value>
                <![CDATA[Penga@123]]>
              </value>
            </param>
          </params>
          <reporter-output>
            <line>
              <![CDATA[Demo Web Shop Page Displayed..]]>
            </line>
            <line>
              <![CDATA[Register Page Displayed..]]>
            </line>
            <line>
              <![CDATA[Register Test Case Pass]]>
            </line>
          </reporter-output>
        </test-method> <!-- registerTestCase -->
      </class> <!-- testscripts.TC01_Register -->
    </test> <!-- Test -->
  </suite> <!-- Suite -->
</testng-results>
